# JRE version: Java(TM) SE Runtime Environment (7.0_79-b15) (build 1.7.0_79-b15)
# Java VM: Java HotSpot(TM) 64-Bit Server VM (24.79-b02 mixed mode windows-amd64 compressed oops)
Heap
 PSYoungGen      total 1264640K, used 330609K [0x00000007ab100000, 0x00000007fca00000, 0x0000000800000000)
  eden space 1230336K, 24% used [0x00000007ab100000,0x00000007bd29fcb8,0x00000007f6280000)
  from space 34304K, 99% used [0x00000007f9e80000,0x00000007fbfbc970,0x00000007fc000000)
  to   space 10240K, 0% used [0x00000007fc000000,0x00000007fc000000,0x00000007fca00000)
 ParOldGen       total 173568K, used 120532K [0x0000000701400000, 0x000000070bd80000, 0x00000007ab100000)
  object space 173568K, 69% used [0x0000000701400000,0x00000007089b5340,0x000000070bd80000)
 PSPermGen       total 62976K, used 62588K [0x00000006fc200000, 0x00000006fff80000, 0x0000000701400000)
  object space 62976K, 99% used [0x00000006fc200000,0x00000006fff1f188,0x00000006fff80000)
GC Heap History (10 events):
Event: 15.466 GC heap before
{Heap before GC invocations=11 (full 0):
 PSYoungGen      total 844288K, used 839530K [0x00000007ab100000, 0x00000007dfd80000, 0x0000000800000000)
  eden space 825344K, 100% used [0x00000007ab100000,0x00000007dd700000,0x00000007dd700000)
  from space 18944K, 74% used [0x00000007dea00000,0x00000007df7da838,0x00000007dfc80000)
  to   space 19456K, 0% used [0x00000007dd700000,0x00000007dd700000,0x00000007dea00000)
 ParOldGen       total 173568K, used 21150K [0x0000000701400000, 0x000000070bd80000, 0x00000007ab100000)
  object space 173568K, 12% used [0x0000000701400000,0x00000007028a7b18,0x000000070bd80000)
 PSPermGen       total 38400K, used 38138K [0x00000006fc200000, 0x00000006fe780000, 0x0000000701400000)
  object space 38400K, 99% used [0x00000006fc200000,0x00000006fe73ea00,0x00000006fe780000)
Event: 15.479 GC heap after
Heap after GC invocations=11 (full 0):
 PSYoungGen      total 844800K, used 5512K [0x00000007ab100000, 0x00000007fe200000, 0x0000000800000000)
  eden space 825344K, 0% used [0x00000007ab100000,0x00000007ab100000,0x00000007dd700000)
  from space 19456K, 28% used [0x00000007dd700000,0x00000007ddc62050,0x00000007dea00000)
  to   space 19968K, 0% used [0x00000007fce80000,0x00000007fce80000,0x00000007fe200000)
 ParOldGen       total 173568K, used 31939K [0x0000000701400000, 0x000000070bd80000, 0x00000007ab100000)
  object space 173568K, 18% used [0x0000000701400000,0x0000000703330da8,0x000000070bd80000)
 PSPermGen       total 38400K, used 38138K [0x00000006fc200000, 0x00000006fe780000, 0x0000000701400000)
  object space 38400K, 99% used [0x00000006fc200000,0x00000006fe73ea00,0x00000006fe780000)
}
Event: 18.931 GC heap before
{Heap before GC invocations=12 (full 0):
 PSYoungGen      total 844800K, used 830856K [0x00000007ab100000, 0x00000007fe200000, 0x0000000800000000)
  eden space 825344K, 100% used [0x00000007ab100000,0x00000007dd700000,0x00000007dd700000)
  from space 19456K, 28% used [0x00000007dd700000,0x00000007ddc62050,0x00000007dea00000)
  to   space 19968K, 0% used [0x00000007fce80000,0x00000007fce80000,0x00000007fe200000)
 ParOldGen       total 173568K, used 31939K [0x0000000701400000, 0x000000070bd80000, 0x00000007ab100000)
  object space 173568K, 18% used [0x0000000701400000,0x0000000703330da8,0x000000070bd80000)
 PSPermGen       total 41472K, used 41345K [0x00000006fc200000, 0x00000006fea80000, 0x0000000701400000)
  object space 41472K, 99% used [0x00000006fc200000,0x00000006fea60530,0x00000006fea80000)
Event: 18.949 GC heap after
Heap after GC invocations=12 (full 0):
 PSYoungGen      total 807424K, used 19942K [0x00000007ab100000, 0x00000007fe200000, 0x0000000800000000)
  eden space 787456K, 0% used [0x00000007ab100000,0x00000007ab100000,0x00000007db200000)
  from space 19968K, 99% used [0x00000007fce80000,0x00000007fe1f99d8,0x00000007fe200000)
  to   space 24064K, 0% used [0x00000007fb300000,0x00000007fb300000,0x00000007fca80000)
 ParOldGen       total 173568K, used 37095K [0x0000000701400000, 0x000000070bd80000, 0x00000007ab100000)
  object space 173568K, 21% used [0x0000000701400000,0x0000000703839ea0,0x000000070bd80000)
 PSPermGen       total 41472K, used 41345K [0x00000006fc200000, 0x00000006fea80000, 0x0000000701400000)
  object space 41472K, 99% used [0x00000006fc200000,0x00000006fea60530,0x00000006fea80000)
}
Event: 21.943 GC heap before
{Heap before GC invocations=13 (full 0):
 PSYoungGen      total 807424K, used 807398K [0x00000007ab100000, 0x00000007fe200000, 0x0000000800000000)
  eden space 787456K, 100% used [0x00000007ab100000,0x00000007db200000,0x00000007db200000)
  from space 19968K, 99% used [0x00000007fce80000,0x00000007fe1f99d8,0x00000007fe200000)
  to   space 24064K, 0% used [0x00000007fb300000,0x00000007fb300000,0x00000007fca80000)
 ParOldGen       total 173568K, used 37095K [0x0000000701400000, 0x000000070bd80000, 0x00000007ab100000)
  object space 173568K, 21% used [0x0000000701400000,0x0000000703839ea0,0x000000070bd80000)
 PSPermGen       total 44032K, used 43938K [0x00000006fc200000, 0x00000006fed00000, 0x0000000701400000)
  object space 44032K, 99% used [0x00000006fc200000,0x00000006fece8ae8,0x00000006fed00000)
Event: 21.996 GC heap after
Heap after GC invocations=13 (full 0):
 PSYoungGen      total 1283072K, used 22996K [0x00000007ab100000, 0x00000007fcf00000, 0x0000000800000000)
  eden space 1260032K, 0% used [0x00000007ab100000,0x00000007ab100000,0x00000007f7f80000)
  from space 23040K, 99% used [0x00000007fb300000,0x00000007fc9750e0,0x00000007fc980000)
  to   space 5632K, 0% used [0x00000007fc980000,0x00000007fc980000,0x00000007fcf00000)
 ParOldGen       total 173568K, used 56783K [0x0000000701400000, 0x000000070bd80000, 0x00000007ab100000)
  object space 173568K, 32% used [0x0000000701400000,0x0000000704b73f08,0x000000070bd80000)
 PSPermGen       total 44032K, used 43938K [0x00000006fc200000, 0x00000006fed00000, 0x0000000701400000)
  object space 44032K, 99% used [0x00000006fc200000,0x00000006fece8ae8,0x00000006fed00000)
}
Event: 27.400 GC heap before
{Heap before GC invocations=14 (full 0):
 PSYoungGen      total 1283072K, used 1283028K [0x00000007ab100000, 0x00000007fcf00000, 0x0000000800000000)
  eden space 1260032K, 100% used [0x00000007ab100000,0x00000007f7f80000,0x00000007f7f80000)
  from space 23040K, 99% used [0x00000007fb300000,0x00000007fc9750e0,0x00000007fc980000)
  to   space 5632K, 0% used [0x00000007fc980000,0x00000007fc980000,0x00000007fcf00000)
 ParOldGen       total 173568K, used 56783K [0x0000000701400000, 0x000000070bd80000, 0x00000007ab100000)
  object space 173568K, 32% used [0x0000000701400000,0x0000000704b73f08,0x000000070bd80000)
 PSPermGen       total 51200K, used 51102K [0x00000006fc200000, 0x00000006ff400000, 0x0000000701400000)
  object space 51200K, 99% used [0x00000006fc200000,0x00000006ff3e7b78,0x00000006ff400000)
Event: 27.452 GC heap after
Heap after GC invocations=14 (full 0):
 PSYoungGen      total 1297408K, used 5611K [0x00000007ab100000, 0x0000000800000000, 0x0000000800000000)
  eden space 1291776K, 0% used [0x00000007ab100000,0x00000007ab100000,0x00000007f9e80000)
  from space 5632K, 99% used [0x00000007fc980000,0x00000007fcefaf20,0x00000007fcf00000)
  to   space 44032K, 0% used [0x00000007f9e80000,0x00000007f9e80000,0x00000007fc980000)
 ParOldGen       total 173568K, used 115016K [0x0000000701400000, 0x000000070bd80000, 0x00000007ab100000)
  object space 173568K, 66% used [0x0000000701400000,0x00000007084523a0,0x000000070bd80000)
 PSPermGen       total 51200K, used 51102K [0x00000006fc200000, 0x00000006ff400000, 0x0000000701400000)
  object space 51200K, 99% used [0x00000006fc200000,0x00000006ff3e7b78,0x00000006ff400000)
}
Event: 74.542 GC heap before
{Heap before GC invocations=15 (full 0):
 PSYoungGen      total 1297408K, used 1297387K [0x00000007ab100000, 0x0000000800000000, 0x0000000800000000)
  eden space 1291776K, 100% used [0x00000007ab100000,0x00000007f9e80000,0x00000007f9e80000)
  from space 5632K, 99% used [0x00000007fc980000,0x00000007fcefaf20,0x00000007fcf00000)
  to   space 44032K, 0% used [0x00000007f9e80000,0x00000007f9e80000,0x00000007fc980000)
 ParOldGen       total 173568K, used 115016K [0x0000000701400000, 0x000000070bd80000, 0x00000007ab100000)
  object space 173568K, 66% used [0x0000000701400000,0x00000007084523a0,0x000000070bd80000)
 PSPermGen       total 60416K, used 59945K [0x00000006fc200000, 0x00000006ffd00000, 0x0000000701400000)
  object space 60416K, 99% used [0x00000006fc200000,0x00000006ffc8a438,0x00000006ffd00000)
Event: 74.578 GC heap after
Heap after GC invocations=15 (full 0):
 PSYoungGen      total 1264640K, used 34034K [0x00000007ab100000, 0x00000007fca00000, 0x0000000800000000)
  eden space 1230336K, 0% used [0x00000007ab100000,0x00000007ab100000,0x00000007f6280000)
  from space 34304K, 99% used [0x00000007f9e80000,0x00000007fbfbc970,0x00000007fc000000)
  to   space 10240K, 0% used [0x00000007fc000000,0x00000007fc000000,0x00000007fca00000)
 ParOldGen       total 173568K, used 120532K [0x0000000701400000, 0x000000070bd80000, 0x00000007ab100000)
  object space 173568K, 69% used [0x0000000701400000,0x00000007089b5340,0x000000070bd80000)
 PSPermGen       total 60416K, used 59945K [0x00000006fc200000, 0x00000006ffd00000, 0x0000000701400000)
  object space 60416K, 99% used [0x00000006fc200000,0x00000006ffc8a438,0x00000006ffd00000)
}

